<?xml version="1.0" encoding="UTF-8"?>
<!-- Generated by org.testng.reporters.JUnitReportReporter -->
<testsuite hostname="BLRSSEELA45408" name="framework.MyPropertiesReader" tests="1" failures="0" timestamp="15 Apr 2015 14:13:37 GMT" time="19.383" errors="0">
  <testcase name="printonlysys" time="19.383" classname="framework.MyPropertiesReader"/>
</testsuite> <!-- framework.MyPropertiesReader -->
