<?xml version="1.0" encoding="UTF-8"?>
<!-- Generated by org.testng.reporters.JUnitReportReporter -->
<testsuite hostname="BLRSSEELA45408" name="framework.HomePage" tests="1" failures="0" timestamp="18 Apr 2015 09:27:10 GMT" time="89.561" errors="0">
  <testcase name="homePageNavigation" time="89.561" classname="framework.HomePage"/>
</testsuite> <!-- framework.HomePage -->
